**********************
Windows PowerShell 脚本开始
开始时间: 20260522014249
用户名: WIN-20260401QJF\Administrator
RunAs 用户: WIN-20260401QJF\Administrator
配置名称: 
计算机: WIN-20260401QJF (Microsoft Windows NT 10.0.19045.0)
主机应用程序: powershell.exe -NoProfile -ExecutionPolicy Bypass -File C:\Users\Administrator\Documents\AI网站90天\AUTO-DEPLOY.ps1
进程 ID: 5540
PSVersion: 5.1.19041.7058
PSEdition: Desktop
PSCompatibleVersions: 1.0, 2.0, 3.0, 4.0, 5.0, 5.1.19041.7058
BuildVersion: 10.0.19041.7058
CLRVersion: 4.0.30319.42000
WSManStackVersion: 3.0
PSRemotingProtocolVersion: 2.3
SerializationVersion: 1.1.0.1
**********************

==> Checking local environment

==> Checking JavaScript syntax


==> Checking required pages

==> Deploying to GitHub Pages and Cloudflare
